[0.033s] Invoking command in '/home/aitor/ros2_ws/src/laboratorio-1-AigarciabFabero/practica_1/build/examples_rclcpp_minimal_subscriber': CMAKE_PREFIX_PATH=/opt/ros/humble /usr/bin/cmake /home/aitor/ros2_ws/src/laboratorio-1-AigarciabFabero/practica_1/examples/rclcpp/topics/minimal_subscriber -DCMAKE_INSTALL_PREFIX=/home/aitor/ros2_ws/src/laboratorio-1-AigarciabFabero/practica_1/install/examples_rclcpp_minimal_subscriber
[5.535s] -- The C compiler identification is GNU 11.4.0
[5.535s] -- The CXX compiler identification is GNU 11.4.0
[5.536s] -- Detecting C compiler ABI info
[5.536s] -- Detecting C compiler ABI info - done
[5.536s] -- Check for working C compiler: /usr/bin/cc - skipped
[5.536s] -- Detecting C compile features
[5.536s] -- Detecting C compile features - done
[5.536s] -- Detecting CXX compiler ABI info
[5.536s] -- Detecting CXX compiler ABI info - done
[5.536s] -- Check for working CXX compiler: /usr/bin/c++ - skipped
[5.536s] -- Detecting CXX compile features
[5.536s] -- Detecting CXX compile features - done
[5.536s] -- Found ament_cmake: 1.3.10 (/opt/ros/humble/share/ament_cmake/cmake)
[5.536s] -- Found Python3: /usr/bin/python3 (found version "3.10.12") found components: Interpreter 
[5.536s] -- Found rclcpp: 16.0.10 (/opt/ros/humble/share/rclcpp/cmake)
[5.536s] -- Found rosidl_generator_c: 3.1.5 (/opt/ros/humble/share/rosidl_generator_c/cmake)
[5.537s] -- Found rosidl_adapter: 3.1.5 (/opt/ros/humble/share/rosidl_adapter/cmake)
[5.537s] -- Found rosidl_generator_cpp: 3.1.5 (/opt/ros/humble/share/rosidl_generator_cpp/cmake)
[5.537s] -- Using all available rosidl_typesupport_c: rosidl_typesupport_fastrtps_c;rosidl_typesupport_introspection_c
[5.537s] -- Using all available rosidl_typesupport_cpp: rosidl_typesupport_fastrtps_cpp;rosidl_typesupport_introspection_cpp
[5.537s] -- Found rmw_implementation_cmake: 6.1.2 (/opt/ros/humble/share/rmw_implementation_cmake/cmake)
[5.537s] -- Found rmw_fastrtps_cpp: 6.2.7 (/opt/ros/humble/share/rmw_fastrtps_cpp/cmake)
[5.537s] -- Found OpenSSL: /usr/lib/x86_64-linux-gnu/libcrypto.so (found version "3.0.2")  
[5.537s] -- Found FastRTPS: /opt/ros/humble/include  
[5.537s] -- Using RMW implementation 'rmw_fastrtps_cpp' as default
[5.537s] -- Looking for pthread.h
[5.537s] -- Looking for pthread.h - found
[5.537s] -- Performing Test CMAKE_HAVE_LIBC_PTHREAD
[5.537s] -- Performing Test CMAKE_HAVE_LIBC_PTHREAD - Success
[5.537s] -- Found Threads: TRUE  
[5.538s] -- Found rclcpp_components: 16.0.10 (/opt/ros/humble/share/rclcpp_components/cmake)
[5.538s] -- Found ament_lint_auto: 0.12.11 (/opt/ros/humble/share/ament_lint_auto/cmake)
[5.538s] -- Added test 'copyright' to check source files copyright and LICENSE
[5.538s] -- Added test 'cppcheck' to perform static code analysis on C / C++ code
[5.538s] -- Configured cppcheck include dirs: 
[5.538s] -- Configured cppcheck exclude dirs and/or files: 
[5.538s] -- Added test 'cpplint' to check C / C++ code against the Google style
[5.538s] -- Configured cpplint exclude dirs and/or files: 
[5.538s] -- Added test 'lint_cmake' to check CMake code style
[5.538s] -- Added test 'uncrustify' to check C / C++ code style
[5.538s] -- Configured uncrustify additional arguments: 
[5.538s] -- Added test 'xmllint' to check XML markup files
[5.538s] -- Configuring done
[5.563s] -- Generating done
[5.565s] -- Build files have been written to: /home/aitor/ros2_ws/src/laboratorio-1-AigarciabFabero/practica_1/build/examples_rclcpp_minimal_subscriber
[5.598s] Invoked command in '/home/aitor/ros2_ws/src/laboratorio-1-AigarciabFabero/practica_1/build/examples_rclcpp_minimal_subscriber' returned '0': CMAKE_PREFIX_PATH=/opt/ros/humble /usr/bin/cmake /home/aitor/ros2_ws/src/laboratorio-1-AigarciabFabero/practica_1/examples/rclcpp/topics/minimal_subscriber -DCMAKE_INSTALL_PREFIX=/home/aitor/ros2_ws/src/laboratorio-1-AigarciabFabero/practica_1/install/examples_rclcpp_minimal_subscriber
[5.599s] Invoking command in '/home/aitor/ros2_ws/src/laboratorio-1-AigarciabFabero/practica_1/build/examples_rclcpp_minimal_subscriber': CMAKE_PREFIX_PATH=/opt/ros/humble /usr/bin/cmake --build /home/aitor/ros2_ws/src/laboratorio-1-AigarciabFabero/practica_1/build/examples_rclcpp_minimal_subscriber -- -j12 -l12
[6.302s] gmake[2]: *** [CMakeFiles/wait_set_subscriber_library.dir/build.make:76: CMakeFiles/wait_set_subscriber_library.dir/wait_set_subscriber.cpp.o] Interrupci√≥n
[6.302s] gmake[2]: *** wait: No hay ning√∫n proceso hijo.  Alto.
[6.302s] gmake[2]: *** Se espera a que terminen otras tareas....
[6.302s] gmake[2]: *** wait: No hay ning√∫n proceso hijo.  Alto.
[6.303s] gmake[2]: *** [CMakeFiles/subscriber_lambda.dir/build.make:76: CMakeFiles/subscriber_lambda.dir/lambda.cpp.o] Interrupci√≥n
[6.303s] gmake[2]: *** wait: No hay ning√∫n proceso hijo.  Alto.
[6.303s] gmake[2]: *** Se espera a que terminen otras tareas....
[6.303s] gmake[2]: *** wait: No hay ning√∫n proceso hijo.  Alto.
[6.303s] gmake[1]: *** [CMakeFiles/Makefile2:391: CMakeFiles/static_wait_set_subscriber.dir/all] Error 2
[6.303s] gmake[1]: *** [CMakeFiles/Makefile2:157: CMakeFiles/subscriber_lambda.dir/all] Interrupci√≥n
[6.303s] gmake[1]: *** [CMakeFiles/Makefile2:261: CMakeFiles/subscriber_member_function_with_unique_network_flow_endpoints.dir/all] Error 2
[6.303s] gmake[2]: *** [CMakeFiles/subscriber_content_filtering.dir/build.make:76: CMakeFiles/subscriber_content_filtering.dir/content_filtering.cpp.o] Interrupci√≥n
[6.303s] gmake[2]: *** [CMakeFiles/wait_set_subscriber_library.dir/build.make:90: CMakeFiles/wait_set_subscriber_library.dir/static_wait_set_subscriber.cpp.o] Interrupci√≥n
[6.303s] gmake[1]: *** [CMakeFiles/Makefile2:339: CMakeFiles/wait_set_subscriber_library.dir/all] Interrupci√≥n
[6.304s] gmake[1]: *** [CMakeFiles/Makefile2:313: CMakeFiles/subscriber_content_filtering.dir/all] Interrupci√≥n
[6.304s] gmake[2]: *** [CMakeFiles/wait_set_subscriber.dir/build.make:76: CMakeFiles/wait_set_subscriber.dir/rclcpp_components/node_main_wait_set_subscriber.cpp.o] Interrupci√≥n
[6.304s] gmake[1]: *** [CMakeFiles/Makefile2:365: CMakeFiles/wait_set_subscriber.dir/all] Interrupci√≥n
[6.304s] gmake[2]: *** [CMakeFiles/subscriber_member_function_with_topic_statistics.dir/build.make:76: CMakeFiles/subscriber_member_function_with_topic_statistics.dir/member_function_with_topic_statistics.cpp.o] Interrupci√≥n
[6.304s] gmake[1]: *** [CMakeFiles/Makefile2:209: CMakeFiles/subscriber_member_function_with_topic_statistics.dir/all] Interrupci√≥n
[6.304s] gmake[2]: *** [CMakeFiles/subscriber_not_composable.dir/build.make:76: CMakeFiles/subscriber_not_composable.dir/not_composable.cpp.o] Interrupci√≥n
[6.304s] gmake[2]: *** [CMakeFiles/subscriber_member_function_with_type_adapter.dir/build.make:76: CMakeFiles/subscriber_member_function_with_type_adapter.dir/member_function_with_type_adapter.cpp.o] Interrupci√≥n
[6.304s] gmake[1]: *** [CMakeFiles/Makefile2:235: CMakeFiles/subscriber_member_function_with_type_adapter.dir/all] Interrupci√≥n
[6.305s] gmake[1]: *** [CMakeFiles/Makefile2:287: CMakeFiles/subscriber_not_composable.dir/all] Interrupci√≥n
[6.305s] gmake[2]: *** [CMakeFiles/subscriber_member_function.dir/build.make:76: CMakeFiles/subscriber_member_function.dir/member_function.cpp.o] Interrupci√≥n
[6.305s] gmake[1]: *** [CMakeFiles/Makefile2:183: CMakeFiles/subscriber_member_function.dir/all] Interrupci√≥n
[6.305s] gmake[2]: *** [CMakeFiles/time_triggered_wait_set_subscriber.dir/build.make:76: CMakeFiles/time_triggered_wait_set_subscriber.dir/rclcpp_components/node_main_time_triggered_wait_set_subscriber.cpp.o] Interrupci√≥n
[6.305s] gmake[1]: *** [CMakeFiles/Makefile2:417: CMakeFiles/time_triggered_wait_set_subscriber.dir/all] Interrupci√≥n
[6.305s] gmake: *** [Makefile:146: all] Interrupci√≥n
[6.305s] [  4%] [32mBuilding CXX object CMakeFiles/subscriber_member_function.dir/member_function.cpp.o[0m
[6.305s] [  8%] [32mBuilding CXX object CMakeFiles/subscriber_member_function_with_type_adapter.dir/member_function_with_type_adapter.cpp.o[0m
[6.305s] [ 12%] [32mBuilding CXX object CMakeFiles/static_wait_set_subscriber.dir/rclcpp_components/node_main_static_wait_set_subscriber.cpp.o[0m
[6.305s] [ 16%] [32mBuilding CXX object CMakeFiles/subscriber_member_function_with_topic_statistics.dir/member_function_with_topic_statistics.cpp.o[0m
[6.305s] [ 20%] [32mBuilding CXX object CMakeFiles/subscriber_lambda.dir/lambda.cpp.o[0m
[6.306s] [ 25%] [32mBuilding CXX object CMakeFiles/subscriber_member_function_with_unique_network_flow_endpoints.dir/member_function_with_unique_network_flow_endpoints.cpp.o[0m
[6.306s] [ 29%] [32mBuilding CXX object CMakeFiles/time_triggered_wait_set_subscriber.dir/rclcpp_components/node_main_time_triggered_wait_set_subscriber.cpp.o[0m
[6.306s] [ 33%] [32mBuilding CXX object CMakeFiles/subscriber_content_filtering.dir/content_filtering.cpp.o[0m
[6.306s] [ 37%] [32mBuilding CXX object CMakeFiles/subscriber_not_composable.dir/not_composable.cpp.o[0m
[6.306s] [ 41%] [32mBuilding CXX object CMakeFiles/wait_set_subscriber.dir/rclcpp_components/node_main_wait_set_subscriber.cpp.o[0m
[6.306s] [ 45%] [32mBuilding CXX object CMakeFiles/wait_set_subscriber_library.dir/static_wait_set_subscriber.cpp.o[0m
[6.307s] [ 50%] [32mBuilding CXX object CMakeFiles/wait_set_subscriber_library.dir/wait_set_subscriber.cpp.o[0m
[6.320s] Invoked command in '/home/aitor/ros2_ws/src/laboratorio-1-AigarciabFabero/practica_1/build/examples_rclcpp_minimal_subscriber' returned '-2': CMAKE_PREFIX_PATH=/opt/ros/humble /usr/bin/cmake --build /home/aitor/ros2_ws/src/laboratorio-1-AigarciabFabero/practica_1/build/examples_rclcpp_minimal_subscriber -- -j12 -l12
