[0.037s] Invoking command in '/home/aitor/ros2_ws/src/laboratorio-1-AigarciabFabero/practica_1/build/cpp_pubsub': CMAKE_PREFIX_PATH=/opt/ros/humble /usr/bin/cmake /home/aitor/ros2_ws/src/laboratorio-1-AigarciabFabero/practica_1/cpp_pubsub -DCMAKE_INSTALL_PREFIX=/home/aitor/ros2_ws/src/laboratorio-1-AigarciabFabero/practica_1/install/cpp_pubsub
[1.197s] -- The C compiler identification is GNU 11.4.0
[1.309s] -- The CXX compiler identification is GNU 11.4.0
[1.319s] -- Detecting C compiler ABI info
[1.493s] -- Detecting C compiler ABI info - done
[1.508s] -- Check for working C compiler: /usr/bin/cc - skipped
[1.508s] -- Detecting C compile features
[1.511s] -- Detecting C compile features - done
[1.521s] -- Detecting CXX compiler ABI info
[1.742s] -- Detecting CXX compiler ABI info - done
[1.752s] -- Check for working CXX compiler: /usr/bin/c++ - skipped
[1.753s] -- Detecting CXX compile features
[1.753s] -- Detecting CXX compile features - done
[1.889s] -- Found ament_cmake: 1.3.10 (/opt/ros/humble/share/ament_cmake/cmake)
[2.255s] -- Found Python3: /usr/bin/python3 (found version "3.10.12") found components: Interpreter 
[2.639s] -- Found rclcpp: 16.0.10 (/opt/ros/humble/share/rclcpp/cmake)
[3.060s] -- Found rosidl_generator_c: 3.1.5 (/opt/ros/humble/share/rosidl_generator_c/cmake)
[3.124s] -- Found rosidl_adapter: 3.1.5 (/opt/ros/humble/share/rosidl_adapter/cmake)
[3.141s] -- Found rosidl_generator_cpp: 3.1.5 (/opt/ros/humble/share/rosidl_generator_cpp/cmake)
[3.255s] -- Using all available rosidl_typesupport_c: rosidl_typesupport_fastrtps_c;rosidl_typesupport_introspection_c
[3.337s] -- Using all available rosidl_typesupport_cpp: rosidl_typesupport_fastrtps_cpp;rosidl_typesupport_introspection_cpp
[3.663s] -- Found rmw_implementation_cmake: 6.1.2 (/opt/ros/humble/share/rmw_implementation_cmake/cmake)
[3.670s] -- Found rmw_fastrtps_cpp: 6.2.7 (/opt/ros/humble/share/rmw_fastrtps_cpp/cmake)
[4.216s] -- Found OpenSSL: /usr/lib/x86_64-linux-gnu/libcrypto.so (found version "3.0.2")  
[4.288s] -- Found FastRTPS: /opt/ros/humble/include  
[4.352s] -- Using RMW implementation 'rmw_fastrtps_cpp' as default
[4.425s] -- Looking for pthread.h
[4.624s] -- Looking for pthread.h - found
[4.624s] -- Performing Test CMAKE_HAVE_LIBC_PTHREAD
[4.782s] -- Performing Test CMAKE_HAVE_LIBC_PTHREAD - Success
[4.782s] -- Found Threads: TRUE  
[5.318s] -- Configuring done
[5.353s] -- Generating done
[5.375s] -- Build files have been written to: /home/aitor/ros2_ws/src/laboratorio-1-AigarciabFabero/practica_1/build/cpp_pubsub
[5.384s] Invoked command in '/home/aitor/ros2_ws/src/laboratorio-1-AigarciabFabero/practica_1/build/cpp_pubsub' returned '0': CMAKE_PREFIX_PATH=/opt/ros/humble /usr/bin/cmake /home/aitor/ros2_ws/src/laboratorio-1-AigarciabFabero/practica_1/cpp_pubsub -DCMAKE_INSTALL_PREFIX=/home/aitor/ros2_ws/src/laboratorio-1-AigarciabFabero/practica_1/install/cpp_pubsub
[5.387s] Invoking command in '/home/aitor/ros2_ws/src/laboratorio-1-AigarciabFabero/practica_1/build/cpp_pubsub': CMAKE_PREFIX_PATH=/opt/ros/humble /usr/bin/cmake --build /home/aitor/ros2_ws/src/laboratorio-1-AigarciabFabero/practica_1/build/cpp_pubsub -- -j12 -l12
[5.601s] [ 25%] [32mBuilding CXX object CMakeFiles/listener.dir/src/subscriber_member_function.cpp.o[0m
[5.601s] [ 50%] [32mBuilding CXX object CMakeFiles/talker.dir/src/publisher_member_function.cpp.o[0m
[6.302s] gmake[2]: *** wait: No hay ning√∫n proceso hijo.  Alto.
[6.304s] gmake[2]: *** Se espera a que terminen otras tareas....
[6.304s] gmake[2]: *** wait: No hay ning√∫n proceso hijo.  Alto.
[6.317s] gmake[2]: *** [CMakeFiles/talker.dir/build.make:76: CMakeFiles/talker.dir/src/publisher_member_function.cpp.o] Interrupci√≥n
[6.319s] gmake[1]: *** [CMakeFiles/Makefile2:139: CMakeFiles/talker.dir/all] Interrupci√≥n
[6.319s] gmake[1]: *** wait: No hay ning√∫n proceso hijo.  Alto.
[6.319s] gmake[1]: *** Se espera a que terminen otras tareas....
[6.320s] gmake[1]: *** wait: No hay ning√∫n proceso hijo.  Alto.
[6.320s] gmake: *** [Makefile:146: all] Error 2
[6.341s] Invoked command in '/home/aitor/ros2_ws/src/laboratorio-1-AigarciabFabero/practica_1/build/cpp_pubsub' returned '-2': CMAKE_PREFIX_PATH=/opt/ros/humble /usr/bin/cmake --build /home/aitor/ros2_ws/src/laboratorio-1-AigarciabFabero/practica_1/build/cpp_pubsub -- -j12 -l12
